-------------------------------------------------------------------------------
Test set: stepdefinition.TestRunner
-------------------------------------------------------------------------------
Tests run: 1, Failures: 0, Errors: 1, Skipped: 0, Time elapsed: 1.027 sec <<< FAILURE!
Login Validation(Validate Login Functionality and Reset password)  Time elapsed: 0.259 sec  <<< ERROR!
io.cucumber.junit.UndefinedStepException: The step 'Launch Facebook on browser' and 6 other step(s) are undefined.
You can implement these steps using the snippet(s) below:

@Given("Launch Facebook on browser")
public void launch_facebook_on_browser() {
    // Write code here that turns the phrase above into concrete actions
    throw new io.cucumber.java.PendingException();
}
@When("validate page title")
public void validate_page_title() {
    // Write code here that turns the phrase above into concrete actions
    throw new io.cucumber.java.PendingException();
}
@Then("validate page content")
public void validate_page_content() {
    // Write code here that turns the phrase above into concrete actions
    throw new io.cucumber.java.PendingException();
}
@Then("validate placeholder")
public void validate_placeholder() {
    // Write code here that turns the phrase above into concrete actions
    throw new io.cucumber.java.PendingException();
}
@When("Enter username as {string} and password as\"prt\"")
public void enter_username_as_and_password_as_prt(String string) {
    // Write code here that turns the phrase above into concrete actions
    throw new io.cucumber.java.PendingException();
}
@Then("Click on login button")
public void click_on_login_button() {
    // Write code here that turns the phrase above into concrete actions
    throw new io.cucumber.java.PendingException();
}
@Then("Terminate browser")
public void terminate_browser() {
    // Write code here that turns the phrase above into concrete actions
    throw new io.cucumber.java.PendingException();
}


